# JRE version: Java(TM) SE Runtime Environment (8.0_40-b27) (build 1.8.0_40-b27)
# Java VM: Java HotSpot(TM) 64-Bit Server VM (25.40-b25 mixed mode bsd-amd64 compressed oops)
Heap:
 PSYoungGen      total 342016K, used 82719K [0x000000076ab00000, 0x000000078a480000, 0x00000007c0000000)
  eden space 315392K, 26% used [0x000000076ab00000,0x000000076fbc7f10,0x000000077df00000)
  from space 26624K, 0% used [0x000000077df00000,0x000000077df00000,0x000000077f900000)
  to   space 30208K, 0% used [0x0000000788700000,0x0000000788700000,0x000000078a480000)
 ParOldGen       total 242176K, used 44431K [0x00000006c0000000, 0x00000006cec80000, 0x000000076ab00000)
  object space 242176K, 18% used [0x00000006c0000000,0x00000006c2b63ca8,0x00000006cec80000)
 Metaspace       used 63102K, capacity 64608K, committed 64856K, reserved 1105920K
  class space    used 8385K, capacity 8828K, committed 8832K, reserved 1048576K
GC Heap History (10 events):
Event: 3.446 GC heap before
{Heap before GC invocations=6 (full 1):
 PSYoungGen      total 217600K, used 112712K [0x000000076ab00000, 0x000000077c000000, 0x00000007c0000000)
  eden space 206848K, 49% used [0x000000076ab00000,0x0000000770e93668,0x0000000777500000)
  from space 10752K, 99% used [0x000000077b580000,0x000000077bffeab8,0x000000077c000000)
  to   space 10752K, 0% used [0x000000077ab00000,0x000000077ab00000,0x000000077b580000)
 ParOldGen       total 99328K, used 10046K [0x00000006c0000000, 0x00000006c6100000, 0x000000076ab00000)
  object space 99328K, 10% used [0x00000006c0000000,0x00000006c09cfb18,0x00000006c6100000)
 Metaspace       used 34255K, capacity 35264K, committed 35456K, reserved 1079296K
  class space    used 4759K, capacity 5153K, committed 5248K, reserved 1048576K
Event: 3.458 GC heap after
Heap after GC invocations=6 (full 1):
 PSYoungGen      total 272896K, used 10740K [0x000000076ab00000, 0x0000000780b80000, 0x00000007c0000000)
  eden space 262144K, 0% used [0x000000076ab00000,0x000000076ab00000,0x000000077ab00000)
  from space 10752K, 99% used [0x000000077ab00000,0x000000077b57d020,0x000000077b580000)
  to   space 18944K, 0% used [0x000000077f900000,0x000000077f900000,0x0000000780b80000)
 ParOldGen       total 99328K, used 17146K [0x00000006c0000000, 0x00000006c6100000, 0x000000076ab00000)
  object space 99328K, 17% used [0x00000006c0000000,0x00000006c10beb80,0x00000006c6100000)
 Metaspace       used 34255K, capacity 35264K, committed 35456K, reserved 1079296K
  class space    used 4759K, capacity 5153K, committed 5248K, reserved 1048576K
}
Event: 3.458 GC heap before
{Heap before GC invocations=7 (full 2):
 PSYoungGen      total 272896K, used 10740K [0x000000076ab00000, 0x0000000780b80000, 0x00000007c0000000)
  eden space 262144K, 0% used [0x000000076ab00000,0x000000076ab00000,0x000000077ab00000)
  from space 10752K, 99% used [0x000000077ab00000,0x000000077b57d020,0x000000077b580000)
  to   space 18944K, 0% used [0x000000077f900000,0x000000077f900000,0x0000000780b80000)
 ParOldGen       total 99328K, used 17146K [0x00000006c0000000, 0x00000006c6100000, 0x000000076ab00000)
  object space 99328K, 17% used [0x00000006c0000000,0x00000006c10beb80,0x00000006c6100000)
 Metaspace       used 34255K, capacity 35264K, committed 35456K, reserved 1079296K
  class space    used 4759K, capacity 5153K, committed 5248K, reserved 1048576K
Event: 3.508 GC heap after
Heap after GC invocations=7 (full 2):
 PSYoungGen      total 272896K, used 0K [0x000000076ab00000, 0x0000000780b80000, 0x00000007c0000000)
  eden space 262144K, 0% used [0x000000076ab00000,0x000000076ab00000,0x000000077ab00000)
  from space 10752K, 0% used [0x000000077ab00000,0x000000077ab00000,0x000000077b580000)
  to   space 18944K, 0% used [0x000000077f900000,0x000000077f900000,0x0000000780b80000)
 ParOldGen       total 168448K, used 24496K [0x00000006c0000000, 0x00000006ca480000, 0x000000076ab00000)
  object space 168448K, 14% used [0x00000006c0000000,0x00000006c17ec048,0x00000006ca480000)
 Metaspace       used 34255K, capacity 35264K, committed 35456K, reserved 1079296K
  class space    used 4759K, capacity 5153K, committed 5248K, reserved 1048576K
}
Event: 5.871 GC heap before
{Heap before GC invocations=8 (full 2):
 PSYoungGen      total 272896K, used 262140K [0x000000076ab00000, 0x0000000780b80000, 0x00000007c0000000)
  eden space 262144K, 99% used [0x000000076ab00000,0x000000077aaff2e0,0x000000077ab00000)
  from space 10752K, 0% used [0x000000077ab00000,0x000000077ab00000,0x000000077b580000)
  to   space 18944K, 0% used [0x000000077f900000,0x000000077f900000,0x0000000780b80000)
 ParOldGen       total 168448K, used 24496K [0x00000006c0000000, 0x00000006ca480000, 0x000000076ab00000)
  object space 168448K, 14% used [0x00000006c0000000,0x00000006c17ec048,0x00000006ca480000)
 Metaspace       used 48665K, capacity 49910K, committed 50304K, reserved 1093632K
  class space    used 6573K, capacity 7026K, committed 7040K, reserved 1048576K
Event: 5.891 GC heap after
Heap after GC invocations=8 (full 2):
 PSYoungGen      total 334336K, used 18933K [0x000000076ab00000, 0x0000000785100000, 0x00000007c0000000)
  eden space 315392K, 0% used [0x000000076ab00000,0x000000076ab00000,0x000000077df00000)
  from space 18944K, 99% used [0x000000077f900000,0x0000000780b7d4c0,0x0000000780b80000)
  to   space 26624K, 0% used [0x000000077df00000,0x000000077df00000,0x000000077f900000)
 ParOldGen       total 168448K, used 33268K [0x00000006c0000000, 0x00000006ca480000, 0x000000076ab00000)
  object space 168448K, 19% used [0x00000006c0000000,0x00000006c207d2d0,0x00000006ca480000)
 Metaspace       used 48665K, capacity 49910K, committed 50304K, reserved 1093632K
  class space    used 6573K, capacity 7026K, committed 7040K, reserved 1048576K
}
Event: 6.646 GC heap before
{Heap before GC invocations=9 (full 2):
 PSYoungGen      total 334336K, used 90438K [0x000000076ab00000, 0x0000000785100000, 0x00000007c0000000)
  eden space 315392K, 22% used [0x000000076ab00000,0x000000076f0d4708,0x000000077df00000)
  from space 18944K, 99% used [0x000000077f900000,0x0000000780b7d4c0,0x0000000780b80000)
  to   space 26624K, 0% used [0x000000077df00000,0x000000077df00000,0x000000077f900000)
 ParOldGen       total 168448K, used 33268K [0x00000006c0000000, 0x00000006ca480000, 0x000000076ab00000)
  object space 168448K, 19% used [0x00000006c0000000,0x00000006c207d2d0,0x00000006ca480000)
 Metaspace       used 57519K, capacity 58812K, committed 59096K, reserved 1099776K
  class space    used 7774K, capacity 8179K, committed 8192K, reserved 1048576K
Event: 6.661 GC heap after
Heap after GC invocations=9 (full 2):
 PSYoungGen      total 342016K, used 25251K [0x000000076ab00000, 0x000000078a480000, 0x00000007c0000000)
  eden space 315392K, 0% used [0x000000076ab00000,0x000000076ab00000,0x000000077df00000)
  from space 26624K, 94% used [0x000000077df00000,0x000000077f7a8e00,0x000000077f900000)
  to   space 30208K, 0% used [0x0000000788700000,0x0000000788700000,0x000000078a480000)
 ParOldGen       total 168448K, used 33276K [0x00000006c0000000, 0x00000006ca480000, 0x000000076ab00000)
  object space 168448K, 19% used [0x00000006c0000000,0x00000006c207f2d0,0x00000006ca480000)
 Metaspace       used 57519K, capacity 58812K, committed 59096K, reserved 1099776K
  class space    used 7774K, capacity 8179K, committed 8192K, reserved 1048576K
}
Event: 6.661 GC heap before
{Heap before GC invocations=10 (full 3):
 PSYoungGen      total 342016K, used 25251K [0x000000076ab00000, 0x000000078a480000, 0x00000007c0000000)
  eden space 315392K, 0% used [0x000000076ab00000,0x000000076ab00000,0x000000077df00000)
  from space 26624K, 94% used [0x000000077df00000,0x000000077f7a8e00,0x000000077f900000)
  to   space 30208K, 0% used [0x0000000788700000,0x0000000788700000,0x000000078a480000)
 ParOldGen       total 168448K, used 33276K [0x00000006c0000000, 0x00000006ca480000, 0x000000076ab00000)
  object space 168448K, 19% used [0x00000006c0000000,0x00000006c207f2d0,0x00000006ca480000)
 Metaspace       used 57519K, capacity 58812K, committed 59096K, reserved 1099776K
  class space    used 7774K, capacity 8179K, committed 8192K, reserved 1048576K
Event: 6.808 GC heap after
Heap after GC invocations=10 (full 3):
 PSYoungGen      total 342016K, used 0K [0x000000076ab00000, 0x000000078a480000, 0x00000007c0000000)
  eden space 315392K, 0% used [0x000000076ab00000,0x000000076ab00000,0x000000077df00000)
  from space 26624K, 0% used [0x000000077df00000,0x000000077df00000,0x000000077f900000)
  to   space 30208K, 0% used [0x0000000788700000,0x0000000788700000,0x000000078a480000)
 ParOldGen       total 242176K, used 44431K [0x00000006c0000000, 0x00000006cec80000, 0x000000076ab00000)
  object space 242176K, 18% used [0x00000006c0000000,0x00000006c2b63ca8,0x00000006cec80000)
 Metaspace       used 57519K, capacity 58812K, committed 59096K, reserved 1099776K
  class space    used 7774K, capacity 8179K, committed 8192K, reserved 1048576K
}

